<?xml version="1.0" encoding="UTF-8"?>
<!-- Generated by org.testng.reporters.JUnitXMLReporter -->
<testsuite ignored="0" hostname="IB-Pune-LAP-358" failures="0" tests="5" name="Default test" time="23.34" errors="0" timestamp="2022-10-04T16:49:45 IST">
  <testcase classname="Playwright.opencart.Tests.HomePageTest" name="HomepageTitleTest" time="0.024"/>
  <testcase classname="Playwright.opencart.Tests.HomePageTest" name="HomepageURLTest" time="0.006"/>
  <testcase classname="Playwright.opencart.Tests.HomePageTest" name="searchTest" time="0.781"/>
  <testcase classname="Playwright.opencart.Tests.HomePageTest" name="searchTest" time="0.92"/>
  <testcase classname="Playwright.opencart.Tests.HomePageTest" name="searchTest" time="1.001"/>
</testsuite> <!-- Default test -->
