<?xml version="1.0" encoding="UTF-8"?>
<!-- Generated by org.testng.reporters.JUnitXMLReporter -->
<testsuite ignored="0" hostname="IB-Pune-LAP-358" failures="0" tests="5" name="Open Cart Home Page Test" time="26.001" errors="0" timestamp="2022-10-06T12:41:51 IST">
  <testcase classname="Playwright.opencart.Tests.HomePageTest" name="HomepageTitleTest" time="0.026"/>
  <testcase classname="Playwright.opencart.Tests.HomePageTest" name="HomepageURLTest" time="0.017"/>
  <testcase classname="Playwright.opencart.Tests.HomePageTest" name="searchTest" time="0.973"/>
  <testcase classname="Playwright.opencart.Tests.HomePageTest" name="searchTest" time="0.893"/>
  <testcase classname="Playwright.opencart.Tests.HomePageTest" name="searchTest" time="1.017"/>
</testsuite> <!-- Open Cart Home Page Test -->
