<?xml version="1.0" encoding="UTF-8"?>
<!-- Generated by org.testng.reporters.JUnitXMLReporter -->
<testsuite ignored="0" hostname="IB-Pune-LAP-358" failures="0" tests="3" name="Open Cart Login Page Test" time="15.311" errors="0" timestamp="2022-10-04T10:53:11 IST">
  <testcase classname="Playwright.opencart.Tests.LoginPageTest" name="loginPageNavigationTest" time="1.076"/>
  <testcase classname="Playwright.opencart.Tests.LoginPageTest" name="forgotPwdLinkExistTest" time="0.062"/>
  <testcase classname="Playwright.opencart.Tests.LoginPageTest" name="appLoginTest" time="1.443"/>
</testsuite> <!-- Open Cart Login Page Test -->
