<?xml version="1.0" encoding="UTF-8"?>
<testng-results ignored="0" total="8" passed="8" failed="0" skipped="0">
  <reporter-output>
  </reporter-output>
  <suite started-at="2022-10-04T10:52:56 IST" name="Open Cart Test Regression PW Suite" finished-at="2022-10-04T10:53:11 IST" duration-ms="15311">
    <groups>
    </groups>
    <test started-at="2022-10-04T10:52:56 IST" name="Open Cart Home Page Test" finished-at="2022-10-04T10:53:11 IST" duration-ms="15235">
      <class name="Playwright.opencart.Tests.HomePageTest">
        <test-method is-config="true" signature="setup()[pri:0, instance:Playwright.opencart.Tests.HomePageTest@6f19ac19]" started-at="2022-10-04T10:52:56 IST" name="setup" finished-at="2022-10-04T10:53:08 IST" duration-ms="11672" status="PASS">
          <reporter-output>
          </reporter-output>
        </test-method> <!-- setup -->
        <test-method signature="HomepageTitleTest()[pri:0, instance:Playwright.opencart.Tests.HomePageTest@6f19ac19]" started-at="2022-10-04T10:53:08 IST" name="HomepageTitleTest" finished-at="2022-10-04T10:53:08 IST" duration-ms="59" status="PASS">
          <reporter-output>
          </reporter-output>
        </test-method> <!-- HomepageTitleTest -->
        <test-method signature="HomepageURLTest()[pri:0, instance:Playwright.opencart.Tests.HomePageTest@6f19ac19]" started-at="2022-10-04T10:53:08 IST" name="HomepageURLTest" finished-at="2022-10-04T10:53:08 IST" duration-ms="3" status="PASS">
          <reporter-output>
          </reporter-output>
        </test-method> <!-- HomepageURLTest -->
        <test-method signature="searchTest(java.lang.String)[pri:0, instance:Playwright.opencart.Tests.HomePageTest@6f19ac19]" started-at="2022-10-04T10:53:08 IST" name="searchTest" data-provider="getProductData" finished-at="2022-10-04T10:53:09 IST" duration-ms="1432" status="PASS">
          <params>
            <param index="0">
              <value>
                <![CDATA[Macbook]]>
              </value>
            </param>
          </params>
          <reporter-output>
          </reporter-output>
        </test-method> <!-- searchTest -->
        <test-method signature="searchTest(java.lang.String)[pri:0, instance:Playwright.opencart.Tests.HomePageTest@6f19ac19]" started-at="2022-10-04T10:53:09 IST" name="searchTest" data-provider="getProductData" finished-at="2022-10-04T10:53:10 IST" duration-ms="1105" status="PASS">
          <params>
            <param index="0">
              <value>
                <![CDATA[iMac]]>
              </value>
            </param>
          </params>
          <reporter-output>
          </reporter-output>
        </test-method> <!-- searchTest -->
        <test-method signature="searchTest(java.lang.String)[pri:0, instance:Playwright.opencart.Tests.HomePageTest@6f19ac19]" started-at="2022-10-04T10:53:10 IST" name="searchTest" data-provider="getProductData" finished-at="2022-10-04T10:53:11 IST" duration-ms="871" status="PASS">
          <params>
            <param index="0">
              <value>
                <![CDATA[Samsung]]>
              </value>
            </param>
          </params>
          <reporter-output>
          </reporter-output>
        </test-method> <!-- searchTest -->
        <test-method is-config="true" signature="end()[pri:0, instance:Playwright.opencart.Tests.HomePageTest@6f19ac19]" started-at="2022-10-04T10:53:11 IST" name="end" finished-at="2022-10-04T10:53:11 IST" duration-ms="12" status="FAIL">
          <exception class="com.microsoft.playwright.PlaywrightException">
            <message>
              <![CDATA[Error {
  message='Target page, context or browser has been closed
  name='Error
  stack='Error: Target page, context or browser has been closed
    at DispatcherConnection.dispatch (C:\Users\RUSHIK~1\AppData\Local\Temp\playwright-java-7707582187424306122\package\lib\server\dispatchers\dispatcher.js:277:49)
    at PipeTransport.transport.onmessage (C:\Users\RUSHIK~1\AppData\Local\Temp\playwright-java-7707582187424306122\package\lib\cli\driver.js:61:57)
    at Immediate._onImmediate (C:\Users\RUSHIK~1\AppData\Local\Temp\playwright-java-7707582187424306122\package\lib\protocol\transport.js:89:34)
    at processImmediate (node:internal/timers:466:21)
}]]>
            </message>
            <full-stacktrace>
              <![CDATA[com.microsoft.playwright.PlaywrightException: Error {
  message='Target page, context or browser has been closed
  name='Error
  stack='Error: Target page, context or browser has been closed
    at DispatcherConnection.dispatch (C:\Users\RUSHIK~1\AppData\Local\Temp\playwright-java-7707582187424306122\package\lib\server\dispatchers\dispatcher.js:277:49)
    at PipeTransport.transport.onmessage (C:\Users\RUSHIK~1\AppData\Local\Temp\playwright-java-7707582187424306122\package\lib\cli\driver.js:61:57)
    at Immediate._onImmediate (C:\Users\RUSHIK~1\AppData\Local\Temp\playwright-java-7707582187424306122\package\lib\protocol\transport.js:89:34)
    at processImmediate (node:internal/timers:466:21)
}
at com.microsoft.playwright.impl.WaitableResult.get(WaitableResult.java:54)
at com.microsoft.playwright.impl.ChannelOwner.runUntil(ChannelOwner.java:103)
at com.microsoft.playwright.impl.Connection.sendMessage(Connection.java:108)
at com.microsoft.playwright.impl.ChannelOwner.sendMessage(ChannelOwner.java:94)
at com.microsoft.playwright.impl.TracingImpl.stopChunkImpl(TracingImpl.java:46)
at com.microsoft.playwright.impl.TracingImpl.lambda$stop$2(TracingImpl.java:105)
at com.microsoft.playwright.impl.LoggingSupport.lambda$withLogging$0(LoggingSupport.java:36)
at com.microsoft.playwright.impl.LoggingSupport.withLogging(LoggingSupport.java:47)
at com.microsoft.playwright.impl.ChannelOwner.withLogging(ChannelOwner.java:79)
at com.microsoft.playwright.impl.LoggingSupport.withLogging(LoggingSupport.java:35)
at com.microsoft.playwright.impl.TracingImpl.stop(TracingImpl.java:104)
at Playwright.opecart.BrowserInit.PlaywrightFactory.closescreenshot(PlaywrightFactory.java:103)
at Playwright.opencart.Base.BaseTest.end(BaseTest.java:49)
at java.base/jdk.internal.reflect.NativeMethodAccessorImpl.invoke0(Native Method)
at java.base/jdk.internal.reflect.NativeMethodAccessorImpl.invoke(NativeMethodAccessorImpl.java:77)
at java.base/jdk.internal.reflect.DelegatingMethodAccessorImpl.invoke(DelegatingMethodAccessorImpl.java:43)
at java.base/java.lang.reflect.Method.invoke(Method.java:568)
at org.testng.internal.MethodInvocationHelper.invokeMethod(MethodInvocationHelper.java:133)
at org.testng.internal.MethodInvocationHelper.invokeMethodConsideringTimeout(MethodInvocationHelper.java:62)
at org.testng.internal.ConfigInvoker.invokeConfigurationMethod(ConfigInvoker.java:385)
at org.testng.internal.ConfigInvoker.invokeConfigurations(ConfigInvoker.java:321)
at org.testng.TestRunner.invokeTestConfigurations(TestRunner.java:637)
at org.testng.TestRunner.afterRun(TestRunner.java:877)
at org.testng.TestRunner.run(TestRunner.java:599)
at org.testng.SuiteRunner.runTest(SuiteRunner.java:377)
at org.testng.SuiteRunner.access$000(SuiteRunner.java:28)
at org.testng.SuiteRunner$SuiteWorker.run(SuiteRunner.java:418)
at org.testng.internal.thread.ThreadUtil.lambda$execute$0(ThreadUtil.java:64)
at java.base/java.util.concurrent.FutureTask.run(FutureTask.java:264)
at java.base/java.util.concurrent.ThreadPoolExecutor.runWorker(ThreadPoolExecutor.java:1136)
at java.base/java.util.concurrent.ThreadPoolExecutor$Worker.run(ThreadPoolExecutor.java:635)
at java.base/java.lang.Thread.run(Thread.java:833)
Caused by: com.microsoft.playwright.impl.DriverException: Error {
  message='Target page, context or browser has been closed
  name='Error
  stack='Error: Target page, context or browser has been closed
    at DispatcherConnection.dispatch (C:\Users\RUSHIK~1\AppData\Local\Temp\playwright-java-7707582187424306122\package\lib\server\dispatchers\dispatcher.js:277:49)
    at PipeTransport.transport.onmessage (C:\Users\RUSHIK~1\AppData\Local\Temp\playwright-java-7707582187424306122\package\lib\cli\driver.js:61:57)
    at Immediate._onImmediate (C:\Users\RUSHIK~1\AppData\Local\Temp\playwright-java-7707582187424306122\package\lib\protocol\transport.js:89:34)
    at processImmediate (node:internal/timers:466:21)
}
at com.microsoft.playwright.impl.Connection.dispatch(Connection.java:190)
at com.microsoft.playwright.impl.Connection.processOneMessage(Connection.java:170)
at com.microsoft.playwright.impl.ChannelOwner.runUntil(ChannelOwner.java:101)
at com.microsoft.playwright.impl.Connection.sendMessage(Connection.java:108)
at com.microsoft.playwright.impl.ChannelOwner.sendMessage(ChannelOwner.java:94)
at com.microsoft.playwright.impl.ChannelOwner.sendMessage(ChannelOwner.java:90)
at com.microsoft.playwright.impl.BrowserImpl.closeImpl(BrowserImpl.java:84)
at com.microsoft.playwright.impl.BrowserImpl.lambda$close$0(BrowserImpl.java:71)
at com.microsoft.playwright.impl.LoggingSupport.lambda$withLogging$0(LoggingSupport.java:36)
at com.microsoft.playwright.impl.LoggingSupport.withLogging(LoggingSupport.java:47)
at com.microsoft.playwright.impl.ChannelOwner.withLogging(ChannelOwner.java:79)
at com.microsoft.playwright.impl.LoggingSupport.withLogging(LoggingSupport.java:35)
at com.microsoft.playwright.impl.BrowserImpl.close(BrowserImpl.java:71)
at Playwright.opencart.Base.BaseTest.end(BaseTest.java:50)
... 19 more
]]>
            </full-stacktrace>
          </exception> <!-- com.microsoft.playwright.PlaywrightException -->
          <reporter-output>
          </reporter-output>
        </test-method> <!-- end -->
      </class> <!-- Playwright.opencart.Tests.HomePageTest -->
    </test> <!-- Open Cart Home Page Test -->
    <test started-at="2022-10-04T10:52:56 IST" name="Open Cart Login Page Test" finished-at="2022-10-04T10:53:11 IST" duration-ms="15311">
      <class name="Playwright.opencart.Tests.LoginPageTest">
        <test-method is-config="true" signature="setup()[pri:0, instance:Playwright.opencart.Tests.LoginPageTest@4ff8d125]" started-at="2022-10-04T10:52:56 IST" name="setup" finished-at="2022-10-04T10:53:08 IST" duration-ms="11672" status="PASS">
          <reporter-output>
          </reporter-output>
        </test-method> <!-- setup -->
        <test-method signature="loginPageNavigationTest()[pri:1, instance:Playwright.opencart.Tests.LoginPageTest@4ff8d125]" started-at="2022-10-04T10:53:08 IST" name="loginPageNavigationTest" finished-at="2022-10-04T10:53:09 IST" duration-ms="1076" status="PASS">
          <reporter-output>
          </reporter-output>
        </test-method> <!-- loginPageNavigationTest -->
        <test-method signature="forgotPwdLinkExistTest()[pri:2, instance:Playwright.opencart.Tests.LoginPageTest@4ff8d125]" started-at="2022-10-04T10:53:09 IST" name="forgotPwdLinkExistTest" finished-at="2022-10-04T10:53:09 IST" duration-ms="62" status="PASS">
          <reporter-output>
          </reporter-output>
        </test-method> <!-- forgotPwdLinkExistTest -->
        <test-method signature="appLoginTest()[pri:3, instance:Playwright.opencart.Tests.LoginPageTest@4ff8d125]" started-at="2022-10-04T10:53:09 IST" name="appLoginTest" finished-at="2022-10-04T10:53:10 IST" duration-ms="1443" status="PASS">
          <reporter-output>
          </reporter-output>
        </test-method> <!-- appLoginTest -->
        <test-method is-config="true" signature="end()[pri:0, instance:Playwright.opencart.Tests.LoginPageTest@4ff8d125]" started-at="2022-10-04T10:53:10 IST" name="end" finished-at="2022-10-04T10:53:11 IST" duration-ms="994" status="PASS">
          <reporter-output>
          </reporter-output>
        </test-method> <!-- end -->
      </class> <!-- Playwright.opencart.Tests.LoginPageTest -->
    </test> <!-- Open Cart Login Page Test -->
  </suite> <!-- Open Cart Test Regression PW Suite -->
</testng-results>
